2026-04-10 08:00:01 INFO  [main] Application starting up — version 1.4.2
2026-04-10 08:00:01 INFO  [main] Loading configuration from /etc/sample-service/config.conf
2026-04-10 08:00:02 INFO  [main] Connected to database at db.internal:5432
2026-04-10 08:00:02 INFO  [main] HTTP server listening on 0.0.0.0:8080
2026-04-10 08:01:15 INFO  [worker-1] Processing job id=7821 queue=default
2026-04-10 08:01:16 INFO  [worker-1] Job id=7821 completed in 1.02s
2026-04-10 08:03:44 WARN  [worker-2] Retry 1/3 for job id=7830 — upstream timeout
2026-04-10 08:03:49 WARN  [worker-2] Retry 2/3 for job id=7830 — upstream timeout
2026-04-10 08:03:54 ERROR [worker-2] Job id=7830 failed after 3 retries: ConnectionTimeoutError: upstream did not respond within 5s
2026-04-10 08:05:00 INFO  [scheduler] Running scheduled task: cleanup_expired_sessions
2026-04-10 08:05:00 INFO  [scheduler] Deleted 142 expired sessions
2026-04-10 08:10:33 INFO  [worker-3] Processing job id=7845 queue=priority
2026-04-10 08:10:33 DEBUG [worker-3] Payload size: 2048 bytes
2026-04-10 08:10:34 INFO  [worker-3] Job id=7845 completed in 0.78s
2026-04-10 08:15:00 INFO  [health] Health check passed — DB latency: 3ms, cache hit rate: 94.2%
2026-04-10 08:22:11 WARN  [main] Memory usage at 78% — approaching threshold
2026-04-10 08:30:00 INFO  [scheduler] Running scheduled task: generate_daily_report
2026-04-10 08:30:05 INFO  [scheduler] Report generated: /var/reports/2026-04-10.pdf (342 KB)
2026-04-10 08:45:00 INFO  [health] Health check passed — DB latency: 4ms, cache hit rate: 93.8%
2026-04-10 09:00:00 INFO  [main] Graceful shutdown initiated
2026-04-10 09:00:01 INFO  [main] All workers drained. Goodbye.
